<?xml version="1.0" encoding="utf-8" standalone="no"?>
<!--This file represents the results of running a test suite-->
<test-results name="C:\Users\Administrador\Documents\Visual Studio 2012\Projects\Libreria\LibreriaTest\bin\Debug\LibreriaTest.dll" total="9" errors="0" failures="0" not-run="0" inconclusive="0" ignored="0" skipped="0" invalid="0" date="2014-10-31" time="13:00:29">
  <environment nunit-version="2.6.3.13283" clr-version="2.0.50727.5477" os-version="Microsoft Windows NT 6.1.7601 Service Pack 1" platform="Win32NT" cwd="C:\Program Files (x86)\NUnit 2.6.3\bin" machine-name="SPXTIC3-PC" user="Administrador" user-domain="SPXTIC3-PC" />
  <culture-info current-culture="es-ES" current-uiculture="es-ES" />
  <test-suite type="Assembly" name="C:\Users\Administrador\Documents\Visual Studio 2012\Projects\Libreria\LibreriaTest\bin\Debug\LibreriaTest.dll" executed="True" result="Success" success="True" time="0.044" asserts="0">
    <results>
      <test-suite type="Namespace" name="LibreriaTest" executed="True" result="Success" success="True" time="0.043" asserts="0">
        <results>
          <test-suite type="TestFixture" name="PercyJacksonNewTest" executed="True" result="Success" success="True" time="0.006" asserts="0">
            <results>
              <test-case name="LibreriaTest.PercyJacksonNewTest.TestNumero1" executed="True" result="Success" success="True" time="0.000" asserts="1" />
              <test-case name="LibreriaTest.PercyJacksonNewTest.TestNumero2" executed="True" result="Success" success="True" time="0.000" asserts="1" />
            </results>
          </test-suite>
          <test-suite type="TestFixture" name="PercyJacksonTest" executed="True" result="Success" success="True" time="0.030" asserts="0">
            <results>
              <test-case name="LibreriaTest.PercyJacksonTest.Test2LibrosC" executed="True" result="Success" success="True" time="0.000" asserts="1" />
              <test-case name="LibreriaTest.PercyJacksonTest.Test5LibrosA" executed="True" result="Success" success="True" time="0.000" asserts="1" />
              <test-case name="LibreriaTest.PercyJacksonTest.Testx2Ax2Bx2Cx1Dx1E" executed="True" result="Success" success="True" time="0.000" asserts="1" />
              <test-case name="LibreriaTest.PercyJacksonTest.Testx3Ax5Bx1Cx9Dx3E" executed="True" result="Success" success="True" time="0.000" asserts="1" />
              <test-case name="LibreriaTest.PercyJacksonTest.Testx4Ax1Bx5Cx2Dx3E" executed="True" result="Success" success="True" time="0.000" asserts="1" />
              <test-case name="LibreriaTest.PercyJacksonTest.Testx4Ax5Bx2Cx3Dx1E" executed="True" result="Success" success="True" time="0.000" asserts="1" />
              <test-case name="LibreriaTest.PercyJacksonTest.Testx58Ax4Bx4Cx3Dx0E" executed="True" result="Success" success="True" time="0.000" asserts="1" />
            </results>
          </test-suite>
        </results>
      </test-suite>
    </results>
  </test-suite>
</test-results>